2025-11-29 18:44:49 - root - INFO - ==================================================
2025-11-29 18:44:49 - root - INFO - Application started at 2025-11-29 18:44:49
2025-11-29 18:44:49 - root - INFO - ==================================================
2025-11-29 18:44:49 - ui.main_window - INFO - Initializing CK3 Character Manager
2025-11-29 18:44:49 - ui.main_window - INFO - Theme set to: light
2025-11-29 18:44:49 - ui.main_window - INFO - Language set to: es
2025-11-29 18:44:49 - ui.main_window - INFO - Using database directory: databases
2025-11-29 18:44:49 - utils.auto_backup - INFO - AutoBackupManager initialized: interval=10min, max_backups=1
2025-11-29 18:44:49 - utils.auto_backup - INFO - Auto backup started with 10min interval
2025-11-29 18:44:49 - ui.main_window - INFO - Auto backup started
2025-11-29 18:44:54 - root - INFO - ==================================================
2025-11-29 18:44:54 - root - INFO - Application started at 2025-11-29 18:44:54
2025-11-29 18:44:54 - root - INFO - ==================================================
2025-11-29 18:44:54 - ui.main_window - INFO - Initializing CK3 Character Manager
2025-11-29 18:44:54 - ui.main_window - INFO - Theme set to: light
2025-11-29 18:44:54 - ui.main_window - INFO - Language set to: es
2025-11-29 18:44:54 - ui.main_window - INFO - Using database directory: databases
2025-11-29 18:44:54 - utils.auto_backup - INFO - AutoBackupManager initialized: interval=10min, max_backups=1
2025-11-29 18:44:54 - utils.auto_backup - INFO - Auto backup started with 10min interval
2025-11-29 18:44:54 - ui.main_window - INFO - Auto backup started
2025-11-29 18:46:50 - root - INFO - ==================================================
2025-11-29 18:46:50 - root - INFO - Application started at 2025-11-29 18:46:50
2025-11-29 18:46:50 - root - INFO - ==================================================
2025-11-29 18:46:50 - ui.main_window - INFO - Initializing CK3 Character Manager
2025-11-29 18:46:50 - ui.main_window - INFO - Theme set to: light
2025-11-29 18:46:50 - ui.main_window - INFO - Language set to: es
2025-11-29 18:46:50 - ui.main_window - INFO - Using database directory: databases
2025-11-29 18:46:50 - utils.auto_backup - INFO - AutoBackupManager initialized: interval=10min, max_backups=1
2025-11-29 18:46:50 - utils.auto_backup - INFO - Auto backup started with 10min interval
2025-11-29 18:46:50 - ui.main_window - INFO - Auto backup started
2025-11-29 18:49:06 - utils.auto_backup - INFO - Auto backup stopped
2025-11-29 18:49:06 - ui.main_window - INFO - Auto backup stopped
2025-11-29 18:49:13 - root - INFO - ==================================================
2025-11-29 18:49:13 - root - INFO - Application started at 2025-11-29 18:49:13
2025-11-29 18:49:13 - root - INFO - ==================================================
2025-11-29 18:49:13 - ui.main_window - INFO - Initializing CK3 Character Manager
2025-11-29 18:49:13 - ui.main_window - INFO - Theme set to: light
2025-11-29 18:49:13 - ui.main_window - INFO - Language set to: es
2025-11-29 18:49:13 - ui.main_window - INFO - Using database directory: databases
2025-11-29 18:49:13 - utils.auto_backup - INFO - AutoBackupManager initialized: interval=10min, max_backups=1
2025-11-29 18:49:13 - utils.auto_backup - INFO - Auto backup started with 10min interval
2025-11-29 18:49:13 - ui.main_window - INFO - Auto backup started
2025-11-29 18:49:43 - utils.auto_backup - INFO - Auto backup stopped
2025-11-29 18:49:43 - ui.main_window - INFO - Auto backup stopped
2025-11-29 18:50:45 - root - INFO - ==================================================
2025-11-29 18:50:45 - root - INFO - Application started at 2025-11-29 18:50:45
2025-11-29 18:50:45 - root - INFO - ==================================================
2025-11-29 18:50:45 - ui.main_window - INFO - Initializing CK3 Character Manager
2025-11-29 18:50:45 - ui.main_window - INFO - Theme set to: light
2025-11-29 18:50:45 - ui.main_window - INFO - Language set to: es
2025-11-29 18:50:45 - ui.main_window - INFO - Using database directory: databases
2025-11-29 18:50:45 - utils.auto_backup - INFO - AutoBackupManager initialized: interval=10min, max_backups=1
2025-11-29 18:50:45 - utils.auto_backup - INFO - Auto backup started with 10min interval
2025-11-29 18:50:45 - ui.main_window - INFO - Auto backup started
2025-11-29 18:50:56 - utils.auto_backup - INFO - Auto backup stopped
2025-11-29 18:50:56 - ui.main_window - INFO - Auto backup stopped
2025-11-29 18:52:45 - root - INFO - ==================================================
2025-11-29 18:52:45 - root - INFO - Application started at 2025-11-29 18:52:45
2025-11-29 18:52:45 - root - INFO - ==================================================
2025-11-29 18:52:45 - ui.main_window - INFO - Initializing CK3 Character Manager
2025-11-29 18:52:45 - ui.main_window - INFO - Theme set to: light
2025-11-29 18:52:45 - ui.main_window - INFO - Language set to: es
2025-11-29 18:52:45 - ui.main_window - INFO - Using database directory: databases
2025-11-29 18:52:45 - utils.auto_backup - INFO - AutoBackupManager initialized: interval=10min, max_backups=1
2025-11-29 18:52:45 - utils.auto_backup - INFO - Auto backup started with 10min interval
2025-11-29 18:52:45 - ui.main_window - INFO - Auto backup started
2025-11-29 18:53:26 - utils.auto_backup - INFO - Auto backup stopped
2025-11-29 18:53:26 - ui.main_window - INFO - Auto backup stopped
2025-11-29 18:54:49 - root - INFO - ==================================================
2025-11-29 18:54:49 - root - INFO - Application started at 2025-11-29 18:54:49
2025-11-29 18:54:49 - root - INFO - ==================================================
2025-11-29 18:54:49 - ui.main_window - INFO - Initializing CK3 Character Manager
2025-11-29 18:54:49 - ui.main_window - INFO - Theme set to: light
2025-11-29 18:54:49 - ui.main_window - INFO - Language set to: es
2025-11-29 18:54:49 - ui.main_window - INFO - Using database directory: databases
2025-11-29 18:54:49 - utils.auto_backup - INFO - AutoBackupManager initialized: interval=10min, max_backups=1
2025-11-29 18:54:49 - utils.auto_backup - INFO - Auto backup started with 10min interval
2025-11-29 18:54:49 - ui.main_window - INFO - Auto backup started
2025-11-29 18:55:25 - utils.auto_backup - INFO - Auto backup stopped
2025-11-29 18:55:25 - ui.main_window - INFO - Auto backup stopped
2025-11-29 18:55:37 - root - INFO - ==================================================
2025-11-29 18:55:37 - root - INFO - Application started at 2025-11-29 18:55:37
2025-11-29 18:55:37 - root - INFO - ==================================================
2025-11-29 18:55:37 - ui.main_window - INFO - Initializing CK3 Character Manager
2025-11-29 18:55:37 - ui.main_window - INFO - Theme set to: light
2025-11-29 18:55:37 - ui.main_window - INFO - Language set to: es
2025-11-29 18:55:37 - ui.main_window - INFO - Using database directory: databases
2025-11-29 18:55:37 - utils.auto_backup - INFO - AutoBackupManager initialized: interval=10min, max_backups=1
2025-11-29 18:55:37 - utils.auto_backup - INFO - Auto backup started with 10min interval
2025-11-29 18:55:37 - ui.main_window - INFO - Auto backup started
2025-11-29 18:56:08 - utils.auto_backup - INFO - Auto backup stopped
2025-11-29 18:56:08 - ui.main_window - INFO - Auto backup stopped
2025-11-29 18:57:51 - root - INFO - ==================================================
2025-11-29 18:57:51 - root - INFO - Application started at 2025-11-29 18:57:51
2025-11-29 18:57:51 - root - INFO - ==================================================
2025-11-29 18:57:51 - ui.main_window - INFO - Initializing CK3 Character Manager
2025-11-29 18:57:51 - ui.main_window - INFO - Theme set to: light
2025-11-29 18:57:51 - ui.main_window - INFO - Language set to: es
2025-11-29 18:57:51 - ui.main_window - INFO - Using database directory: databases
2025-11-29 18:57:51 - utils.auto_backup - INFO - AutoBackupManager initialized: interval=10min, max_backups=1
2025-11-29 18:57:51 - utils.auto_backup - INFO - Auto backup started with 10min interval
2025-11-29 18:57:51 - ui.main_window - INFO - Auto backup started
2025-11-29 18:58:31 - utils.auto_backup - INFO - Auto backup stopped
2025-11-29 18:58:31 - ui.main_window - INFO - Auto backup stopped
2025-11-29 18:58:50 - root - INFO - ==================================================
2025-11-29 18:58:50 - root - INFO - Application started at 2025-11-29 18:58:50
2025-11-29 18:58:50 - root - INFO - ==================================================
2025-11-29 18:58:51 - ui.main_window - INFO - Initializing CK3 Character Manager
2025-11-29 18:58:51 - ui.main_window - INFO - Theme set to: light
2025-11-29 18:58:51 - ui.main_window - INFO - Language set to: es
2025-11-29 18:58:51 - ui.main_window - INFO - Using database directory: databases
2025-11-29 18:58:51 - utils.auto_backup - INFO - AutoBackupManager initialized: interval=10min, max_backups=1
2025-11-29 18:58:51 - utils.auto_backup - INFO - Auto backup started with 10min interval
2025-11-29 18:58:51 - ui.main_window - INFO - Auto backup started
2025-11-29 18:59:30 - utils.auto_backup - INFO - Auto backup stopped
2025-11-29 18:59:30 - ui.main_window - INFO - Auto backup stopped
2025-11-29 19:00:06 - root - INFO - ==================================================
2025-11-29 19:00:06 - root - INFO - Application started at 2025-11-29 19:00:06
2025-11-29 19:00:06 - root - INFO - ==================================================
2025-11-29 19:00:06 - ui.main_window - INFO - Initializing CK3 Character Manager
2025-11-29 19:00:06 - ui.main_window - INFO - Theme set to: light
2025-11-29 19:00:06 - ui.main_window - INFO - Language set to: es
2025-11-29 19:00:06 - ui.main_window - INFO - Using database directory: databases
2025-11-29 19:00:06 - utils.auto_backup - INFO - AutoBackupManager initialized: interval=10min, max_backups=1
2025-11-29 19:00:06 - utils.auto_backup - INFO - Auto backup started with 10min interval
2025-11-29 19:00:06 - ui.main_window - INFO - Auto backup started
2025-11-29 19:01:25 - utils.auto_backup - INFO - Auto backup stopped
2025-11-29 19:01:25 - ui.main_window - INFO - Auto backup stopped
2025-11-29 19:02:36 - root - INFO - ==================================================
2025-11-29 19:02:36 - root - INFO - Application started at 2025-11-29 19:02:36
2025-11-29 19:02:36 - root - INFO - ==================================================
2025-11-29 19:02:36 - ui.main_window - INFO - Initializing CK3 Character Manager
2025-11-29 19:02:36 - ui.main_window - INFO - Theme set to: light
2025-11-29 19:02:36 - ui.main_window - INFO - Language set to: es
2025-11-29 19:02:36 - ui.main_window - INFO - Using database directory: databases
2025-11-29 19:02:36 - utils.auto_backup - INFO - AutoBackupManager initialized: interval=10min, max_backups=1
2025-11-29 19:02:36 - utils.auto_backup - INFO - Auto backup started with 10min interval
2025-11-29 19:02:36 - ui.main_window - INFO - Auto backup started
2025-11-29 19:03:12 - utils.auto_backup - INFO - Auto backup stopped
2025-11-29 19:03:12 - ui.main_window - INFO - Auto backup stopped
2025-11-29 19:03:26 - root - INFO - ==================================================
2025-11-29 19:03:26 - root - INFO - Application started at 2025-11-29 19:03:26
2025-11-29 19:03:26 - root - INFO - ==================================================
2025-11-29 19:03:26 - ui.main_window - INFO - Initializing CK3 Character Manager
2025-11-29 19:03:26 - ui.main_window - INFO - Theme set to: light
2025-11-29 19:03:26 - ui.main_window - INFO - Language set to: es
2025-11-29 19:03:26 - ui.main_window - INFO - Using database directory: databases
2025-11-29 19:03:26 - utils.auto_backup - INFO - AutoBackupManager initialized: interval=10min, max_backups=1
2025-11-29 19:03:26 - utils.auto_backup - INFO - Auto backup started with 10min interval
2025-11-29 19:03:26 - ui.main_window - INFO - Auto backup started
2025-11-29 19:03:59 - utils.auto_backup - INFO - Auto backup stopped
2025-11-29 19:03:59 - ui.main_window - INFO - Auto backup stopped
2025-11-29 19:16:59 - root - INFO - ==================================================
2025-11-29 19:16:59 - root - INFO - Application started at 2025-11-29 19:16:59
2025-11-29 19:16:59 - root - INFO - ==================================================
2025-11-29 19:16:59 - ui.main_window - INFO - Initializing CK3 Character Manager
2025-11-29 19:16:59 - ui.main_window - INFO - Theme set to: light
2025-11-29 19:16:59 - ui.main_window - INFO - Language set to: es
2025-11-29 19:16:59 - ui.main_window - INFO - Using database directory: databases
2025-11-29 19:16:59 - utils.auto_backup - INFO - AutoBackupManager initialized: interval=10min, max_backups=1
2025-11-29 19:16:59 - utils.auto_backup - INFO - Auto backup started with 10min interval
2025-11-29 19:16:59 - ui.main_window - INFO - Auto backup started
2025-11-29 19:17:09 - utils.auto_backup - INFO - Auto backup stopped
2025-11-29 19:17:09 - ui.main_window - INFO - Auto backup stopped
2025-11-29 20:15:15 - root - INFO - ==================================================
2025-11-29 20:15:15 - root - INFO - Application started at 2025-11-29 20:15:15
2025-11-29 20:15:15 - root - INFO - ==================================================
2025-11-29 20:15:15 - ui.main_window - INFO - Initializing CK3 Character Manager
2025-11-29 20:15:15 - ui.main_window - INFO - Theme set to: light
2025-11-29 20:15:15 - ui.main_window - INFO - Language set to: es
2025-11-29 20:15:15 - ui.main_window - INFO - Using database directory: databases
2025-11-29 20:15:15 - utils.auto_backup - INFO - AutoBackupManager initialized: interval=10min, max_backups=1
2025-11-29 20:15:15 - utils.auto_backup - INFO - Auto backup started with 10min interval
2025-11-29 20:15:15 - ui.main_window - INFO - Auto backup started
2025-11-29 20:17:19 - root - INFO - ==================================================
2025-11-29 20:17:19 - root - INFO - Application started at 2025-11-29 20:17:19
2025-11-29 20:17:19 - root - INFO - ==================================================
2025-11-29 20:17:19 - ui.main_window - INFO - Initializing CK3 Character Manager
2025-11-29 20:17:19 - ui.main_window - INFO - Theme set to: light
2025-11-29 20:17:19 - ui.main_window - INFO - Language set to: es
2025-11-29 20:17:19 - ui.main_window - INFO - Using database directory: databases
2025-11-29 20:17:19 - utils.auto_backup - INFO - AutoBackupManager initialized: interval=10min, max_backups=1
2025-11-29 20:17:19 - utils.auto_backup - INFO - Auto backup started with 10min interval
2025-11-29 20:17:19 - ui.main_window - INFO - Auto backup started
2025-11-29 20:17:28 - utils.auto_backup - INFO - Auto backup stopped
2025-11-29 20:17:28 - ui.main_window - INFO - Auto backup stopped
2025-11-29 20:19:10 - root - INFO - ==================================================
2025-11-29 20:19:10 - root - INFO - Application started at 2025-11-29 20:19:10
2025-11-29 20:19:10 - root - INFO - ==================================================
2025-11-29 20:19:10 - ui.main_window - INFO - Initializing CK3 Character Manager
2025-11-29 20:19:10 - ui.main_window - INFO - Theme set to: light
2025-11-29 20:19:10 - ui.main_window - INFO - Language set to: es
2025-11-29 20:19:10 - ui.main_window - INFO - Using database directory: databases
2025-11-29 20:19:10 - utils.auto_backup - INFO - AutoBackupManager initialized: interval=10min, max_backups=1
2025-11-29 20:19:10 - utils.auto_backup - INFO - Auto backup started with 10min interval
2025-11-29 20:19:10 - ui.main_window - INFO - Auto backup started
2025-11-29 20:19:15 - utils.auto_backup - INFO - Auto backup stopped
2025-11-29 20:19:15 - ui.main_window - INFO - Auto backup stopped
2025-11-29 20:19:44 - root - INFO - ==================================================
2025-11-29 20:19:44 - root - INFO - Application started at 2025-11-29 20:19:44
2025-11-29 20:19:44 - root - INFO - ==================================================
2025-11-29 20:19:44 - ui.main_window - INFO - Initializing CK3 Character Manager
2025-11-29 20:19:44 - ui.main_window - INFO - Theme set to: light
2025-11-29 20:19:44 - ui.main_window - INFO - Language set to: es
2025-11-29 20:19:44 - ui.main_window - INFO - Using database directory: databases
2025-11-29 20:19:44 - utils.auto_backup - INFO - AutoBackupManager initialized: interval=10min, max_backups=1
2025-11-29 20:19:44 - utils.auto_backup - INFO - Auto backup started with 10min interval
2025-11-29 20:19:44 - ui.main_window - INFO - Auto backup started
2025-11-29 20:22:27 - root - INFO - ==================================================
2025-11-29 20:22:27 - root - INFO - Application started at 2025-11-29 20:22:27
2025-11-29 20:22:27 - root - INFO - ==================================================
2025-11-29 20:22:28 - ui.main_window - INFO - Initializing CK3 Character Manager
2025-11-29 20:22:28 - ui.main_window - INFO - Theme set to: light
2025-11-29 20:22:28 - ui.main_window - INFO - Language set to: es
2025-11-29 20:22:28 - ui.main_window - INFO - Using database directory: databases
2025-11-29 20:22:28 - utils.auto_backup - INFO - AutoBackupManager initialized: interval=10min, max_backups=1
2025-11-29 20:22:28 - utils.auto_backup - INFO - Auto backup started with 10min interval
2025-11-29 20:22:28 - ui.main_window - INFO - Auto backup started
2025-11-29 20:24:45 - root - INFO - ==================================================
2025-11-29 20:24:45 - root - INFO - Application started at 2025-11-29 20:24:45
2025-11-29 20:24:45 - root - INFO - ==================================================
2025-11-29 20:24:45 - ui.main_window - INFO - Initializing CK3 Character Manager
2025-11-29 20:24:45 - ui.main_window - INFO - Theme set to: light
2025-11-29 20:24:45 - ui.main_window - INFO - Language set to: es
2025-11-29 20:24:45 - ui.main_window - INFO - Using database directory: databases
2025-11-29 20:24:45 - utils.auto_backup - INFO - AutoBackupManager initialized: interval=10min, max_backups=1
2025-11-29 20:24:45 - utils.auto_backup - INFO - Auto backup started with 10min interval
2025-11-29 20:24:45 - ui.main_window - INFO - Auto backup started
2025-11-29 20:27:26 - utils.auto_backup - INFO - Auto backup stopped
2025-11-29 20:27:26 - ui.main_window - INFO - Auto backup stopped
2025-11-29 20:28:42 - root - INFO - ==================================================
2025-11-29 20:28:42 - root - INFO - Application started at 2025-11-29 20:28:42
2025-11-29 20:28:42 - root - INFO - ==================================================
2025-11-29 20:28:42 - ui.main_window - INFO - Initializing CK3 Character Manager
2025-11-29 20:28:42 - ui.main_window - INFO - Theme set to: light
2025-11-29 20:28:42 - ui.main_window - INFO - Language set to: es
2025-11-29 20:28:42 - ui.main_window - INFO - Using database directory: databases
2025-11-29 20:28:42 - utils.auto_backup - INFO - AutoBackupManager initialized: interval=10min, max_backups=1
2025-11-29 20:28:42 - utils.auto_backup - INFO - Auto backup started with 10min interval
2025-11-29 20:28:42 - ui.main_window - INFO - Auto backup started
2025-11-29 20:30:01 - utils.auto_backup - INFO - Auto backup stopped
2025-11-29 20:30:01 - ui.main_window - INFO - Auto backup stopped
2025-11-29 20:30:23 - root - INFO - ==================================================
2025-11-29 20:30:23 - root - INFO - Application started at 2025-11-29 20:30:23
2025-11-29 20:30:23 - root - INFO - ==================================================
2025-11-29 20:30:23 - ui.main_window - INFO - Initializing CK3 Character Manager
2025-11-29 20:30:23 - ui.main_window - INFO - Theme set to: light
2025-11-29 20:30:23 - ui.main_window - INFO - Language set to: es
2025-11-29 20:30:23 - ui.main_window - INFO - Using database directory: databases
2025-11-29 20:30:23 - utils.auto_backup - INFO - AutoBackupManager initialized: interval=10min, max_backups=1
2025-11-29 20:30:23 - utils.auto_backup - INFO - Auto backup started with 10min interval
2025-11-29 20:30:23 - ui.main_window - INFO - Auto backup started
2025-11-29 20:33:02 - root - INFO - ==================================================
2025-11-29 20:33:02 - root - INFO - Application started at 2025-11-29 20:33:02
2025-11-29 20:33:02 - root - INFO - ==================================================
2025-11-29 20:33:02 - ui.main_window - INFO - Initializing CK3 Character Manager
2025-11-29 20:33:02 - ui.main_window - INFO - Theme set to: light
2025-11-29 20:33:02 - ui.main_window - INFO - Language set to: es
2025-11-29 20:33:02 - ui.main_window - INFO - Using database directory: databases
2025-11-29 20:33:02 - utils.auto_backup - INFO - AutoBackupManager initialized: interval=10min, max_backups=1
2025-11-29 20:33:02 - utils.auto_backup - INFO - Auto backup started with 10min interval
2025-11-29 20:33:02 - ui.main_window - INFO - Auto backup started
2025-11-29 20:33:07 - utils.auto_backup - INFO - Auto backup stopped
2025-11-29 20:33:07 - ui.main_window - INFO - Auto backup stopped
2025-11-29 20:34:15 - root - INFO - ==================================================
2025-11-29 20:34:15 - root - INFO - Application started at 2025-11-29 20:34:15
2025-11-29 20:34:15 - root - INFO - ==================================================
2025-11-29 20:34:15 - ui.main_window - INFO - Initializing CK3 Character Manager
2025-11-29 20:34:15 - ui.main_window - INFO - Theme set to: light
2025-11-29 20:34:15 - ui.main_window - INFO - Language set to: es
2025-11-29 20:34:15 - ui.main_window - INFO - Using database directory: databases
2025-11-29 20:34:15 - utils.auto_backup - INFO - AutoBackupManager initialized: interval=10min, max_backups=1
2025-11-29 20:34:15 - utils.auto_backup - INFO - Auto backup started with 10min interval
2025-11-29 20:34:15 - ui.main_window - INFO - Auto backup started
2025-11-29 20:34:28 - utils.auto_backup - INFO - Auto backup stopped
2025-11-29 20:34:28 - ui.main_window - INFO - Auto backup stopped
2025-11-29 20:37:52 - root - INFO - ==================================================
2025-11-29 20:37:52 - root - INFO - Application started at 2025-11-29 20:37:52
2025-11-29 20:37:52 - root - INFO - ==================================================
2025-11-29 20:37:52 - ui.main_window - INFO - Initializing CK3 Character Manager
2025-11-29 20:37:52 - ui.main_window - INFO - Theme set to: light
2025-11-29 20:37:52 - ui.main_window - INFO - Language set to: es
2025-11-29 20:37:52 - ui.main_window - INFO - Using database directory: databases
2025-11-29 20:37:52 - utils.auto_backup - INFO - AutoBackupManager initialized: interval=10min, max_backups=1
2025-11-29 20:37:52 - utils.auto_backup - INFO - Auto backup started with 10min interval
2025-11-29 20:37:52 - ui.main_window - INFO - Auto backup started
2025-11-29 20:38:16 - utils.auto_backup - INFO - Auto backup stopped
2025-11-29 20:38:16 - utils.auto_backup - INFO - AutoBackupManager initialized: interval=10min, max_backups=1
2025-11-29 20:38:16 - utils.auto_backup - INFO - Auto backup started with 10min interval
2025-11-29 20:38:22 - utils.auto_backup - INFO - Auto backup stopped
2025-11-29 20:38:22 - utils.auto_backup - INFO - AutoBackupManager initialized: interval=10min, max_backups=1
2025-11-29 20:38:22 - utils.auto_backup - INFO - Auto backup started with 10min interval
2025-11-29 20:38:26 - utils.auto_backup - INFO - Auto backup stopped
2025-11-29 20:38:26 - ui.main_window - INFO - Auto backup stopped
2025-11-29 20:56:14 - root - INFO - ==================================================
2025-11-29 20:56:14 - root - INFO - Application started at 2025-11-29 20:56:14
2025-11-29 20:56:14 - root - INFO - ==================================================
2025-11-29 20:56:14 - ui.main_window - INFO - Initializing CK3 Character Manager
2025-11-29 20:56:14 - ui.main_window - INFO - Theme set to: light
2025-11-29 20:56:14 - ui.main_window - INFO - Language set to: es
2025-11-29 20:56:14 - ui.main_window - INFO - Using database directory: databases
2025-11-29 20:56:14 - utils.auto_backup - INFO - AutoBackupManager initialized: interval=10min, max_backups=1
2025-11-29 20:56:14 - utils.auto_backup - INFO - Auto backup started with 10min interval
2025-11-29 20:56:14 - ui.main_window - INFO - Auto backup started
2025-11-29 20:56:18 - utils.auto_backup - INFO - Auto backup stopped
2025-11-29 20:56:18 - utils.auto_backup - INFO - AutoBackupManager initialized: interval=10min, max_backups=1
2025-11-29 20:56:18 - utils.auto_backup - INFO - Auto backup started with 10min interval
2025-11-29 20:58:55 - root - INFO - ==================================================
2025-11-29 20:58:55 - root - INFO - Application started at 2025-11-29 20:58:55
2025-11-29 20:58:55 - root - INFO - ==================================================
2025-11-29 20:58:55 - ui.main_window - INFO - Initializing CK3 Character Manager
2025-11-29 20:58:55 - ui.main_window - INFO - Theme set to: light
2025-11-29 20:58:55 - ui.main_window - INFO - Language set to: es
2025-11-29 20:58:55 - ui.main_window - INFO - Using database directory: databases
2025-11-29 20:58:55 - utils.auto_backup - INFO - AutoBackupManager initialized: interval=10min, max_backups=1
2025-11-29 20:58:55 - utils.auto_backup - INFO - Auto backup started with 10min interval
2025-11-29 20:58:55 - ui.main_window - INFO - Auto backup started
2025-11-29 20:58:57 - root - INFO - ==================================================
2025-11-29 20:58:57 - root - INFO - Application started at 2025-11-29 20:58:57
2025-11-29 20:58:57 - root - INFO - ==================================================
2025-11-29 20:58:57 - ui.main_window - INFO - Initializing CK3 Character Manager
2025-11-29 20:58:57 - ui.main_window - INFO - Theme set to: light
2025-11-29 20:58:57 - ui.main_window - INFO - Language set to: es
2025-11-29 20:58:57 - ui.main_window - INFO - Using database directory: databases
2025-11-29 20:58:57 - utils.auto_backup - INFO - AutoBackupManager initialized: interval=10min, max_backups=1
2025-11-29 20:58:57 - utils.auto_backup - INFO - Auto backup started with 10min interval
2025-11-29 20:58:57 - ui.main_window - INFO - Auto backup started
2025-11-29 21:02:38 - root - INFO - ==================================================
2025-11-29 21:02:38 - root - INFO - Application started at 2025-11-29 21:02:38
2025-11-29 21:02:38 - root - INFO - ==================================================
2025-11-29 21:02:38 - ui.main_window - INFO - Initializing CK3 Character Manager
2025-11-29 21:02:38 - ui.main_window - INFO - Theme set to: light
2025-11-29 21:02:38 - ui.main_window - INFO - Language set to: es
2025-11-29 21:02:38 - ui.main_window - INFO - Using database directory: databases
2025-11-29 21:02:38 - utils.auto_backup - INFO - AutoBackupManager initialized: interval=10min, max_backups=1
2025-11-29 21:02:38 - utils.auto_backup - INFO - Auto backup started with 10min interval
2025-11-29 21:02:38 - ui.main_window - INFO - Auto backup started
2025-11-29 21:02:59 - root - INFO - ==================================================
2025-11-29 21:02:59 - root - INFO - Application started at 2025-11-29 21:02:59
2025-11-29 21:02:59 - root - INFO - ==================================================
2025-11-29 21:02:59 - ui.main_window - INFO - Initializing CK3 Character Manager
2025-11-29 21:02:59 - ui.main_window - INFO - Theme set to: light
2025-11-29 21:02:59 - ui.main_window - INFO - Language set to: es
2025-11-29 21:02:59 - ui.main_window - INFO - Using database directory: databases
2025-11-29 21:02:59 - utils.auto_backup - INFO - AutoBackupManager initialized: interval=10min, max_backups=1
2025-11-29 21:02:59 - utils.auto_backup - INFO - Auto backup started with 10min interval
2025-11-29 21:02:59 - ui.main_window - INFO - Auto backup started
2025-11-29 21:03:29 - root - INFO - ==================================================
2025-11-29 21:03:29 - root - INFO - Application started at 2025-11-29 21:03:29
2025-11-29 21:03:29 - root - INFO - ==================================================
2025-11-29 21:03:29 - ui.main_window - INFO - Initializing CK3 Character Manager
2025-11-29 21:03:29 - ui.main_window - INFO - Theme set to: light
2025-11-29 21:03:29 - ui.main_window - INFO - Language set to: es
2025-11-29 21:03:29 - ui.main_window - INFO - Using database directory: databases
2025-11-29 21:03:29 - utils.auto_backup - INFO - AutoBackupManager initialized: interval=10min, max_backups=1
2025-11-29 21:03:29 - utils.auto_backup - INFO - Auto backup started with 10min interval
2025-11-29 21:03:29 - ui.main_window - INFO - Auto backup started
2025-11-29 21:03:55 - root - INFO - ==================================================
2025-11-29 21:03:55 - root - INFO - Application started at 2025-11-29 21:03:55
2025-11-29 21:03:55 - root - INFO - ==================================================
2025-11-29 21:03:55 - ui.main_window - INFO - Initializing CK3 Character Manager
2025-11-29 21:03:55 - ui.main_window - INFO - Theme set to: light
2025-11-29 21:03:55 - ui.main_window - INFO - Language set to: es
2025-11-29 21:03:55 - ui.main_window - INFO - Using database directory: databases
2025-11-29 21:03:55 - utils.auto_backup - INFO - AutoBackupManager initialized: interval=10min, max_backups=1
2025-11-29 21:03:55 - utils.auto_backup - INFO - Auto backup started with 10min interval
2025-11-29 21:03:55 - ui.main_window - INFO - Auto backup started
2025-11-29 21:04:21 - root - INFO - ==================================================
2025-11-29 21:04:21 - root - INFO - Application started at 2025-11-29 21:04:21
2025-11-29 21:04:21 - root - INFO - ==================================================
2025-11-29 21:04:21 - ui.main_window - INFO - Initializing CK3 Character Manager
2025-11-29 21:04:21 - ui.main_window - INFO - Theme set to: light
2025-11-29 21:04:21 - ui.main_window - INFO - Language set to: es
2025-11-29 21:04:21 - ui.main_window - INFO - Using database directory: databases
2025-11-29 21:04:21 - utils.auto_backup - INFO - AutoBackupManager initialized: interval=10min, max_backups=1
2025-11-29 21:04:21 - utils.auto_backup - INFO - Auto backup started with 10min interval
2025-11-29 21:04:21 - ui.main_window - INFO - Auto backup started
2025-11-29 21:04:25 - utils.auto_backup - INFO - Auto backup stopped
2025-11-29 21:04:25 - ui.main_window - INFO - Auto backup stopped
2025-11-29 21:04:40 - root - INFO - ==================================================
2025-11-29 21:04:40 - root - INFO - Application started at 2025-11-29 21:04:40
2025-11-29 21:04:40 - root - INFO - ==================================================
2025-11-29 21:04:40 - ui.main_window - INFO - Initializing CK3 Character Manager
2025-11-29 21:04:40 - ui.main_window - INFO - Theme set to: light
2025-11-29 21:04:40 - ui.main_window - INFO - Language set to: es
2025-11-29 21:04:40 - ui.main_window - INFO - Using database directory: databases
2025-11-29 21:04:40 - utils.auto_backup - INFO - AutoBackupManager initialized: interval=10min, max_backups=1
2025-11-29 21:04:40 - utils.auto_backup - INFO - Auto backup started with 10min interval
2025-11-29 21:04:40 - ui.main_window - INFO - Auto backup started
2025-11-29 21:05:24 - utils.auto_backup - INFO - Auto backup stopped
2025-11-29 21:05:24 - ui.main_window - INFO - Auto backup stopped
2025-11-29 21:06:03 - root - INFO - ==================================================
2025-11-29 21:06:03 - root - INFO - Application started at 2025-11-29 21:06:03
2025-11-29 21:06:03 - root - INFO - ==================================================
2025-11-29 21:06:03 - ui.main_window - INFO - Initializing CK3 Character Manager
2025-11-29 21:06:03 - ui.main_window - INFO - Theme set to: light
2025-11-29 21:06:03 - ui.main_window - INFO - Language set to: es
2025-11-29 21:06:03 - ui.main_window - INFO - Using database directory: databases
2025-11-29 21:06:03 - utils.auto_backup - INFO - AutoBackupManager initialized: interval=10min, max_backups=1
2025-11-29 21:06:03 - utils.auto_backup - INFO - Auto backup started with 10min interval
2025-11-29 21:06:03 - ui.main_window - INFO - Auto backup started
2025-11-29 21:06:08 - utils.auto_backup - INFO - Auto backup stopped
2025-11-29 21:06:08 - ui.main_window - INFO - Auto backup stopped
2025-11-29 21:06:54 - root - INFO - ==================================================
2025-11-29 21:06:54 - root - INFO - Application started at 2025-11-29 21:06:54
2025-11-29 21:06:54 - root - INFO - ==================================================
2025-11-29 21:06:54 - ui.main_window - INFO - Initializing CK3 Character Manager
2025-11-29 21:06:54 - ui.main_window - INFO - Theme set to: light
2025-11-29 21:06:54 - ui.main_window - INFO - Language set to: es
2025-11-29 21:06:54 - ui.main_window - INFO - Using database directory: databases
2025-11-29 21:06:54 - utils.auto_backup - INFO - AutoBackupManager initialized: interval=10min, max_backups=1
2025-11-29 21:06:54 - utils.auto_backup - INFO - Auto backup started with 10min interval
2025-11-29 21:06:54 - ui.main_window - INFO - Auto backup started
2025-11-29 21:08:50 - root - INFO - ==================================================
2025-11-29 21:08:50 - root - INFO - Application started at 2025-11-29 21:08:50
2025-11-29 21:08:50 - root - INFO - ==================================================
2025-11-29 21:08:50 - ui.main_window - INFO - Initializing CK3 Character Manager
2025-11-29 21:08:50 - ui.main_window - INFO - Theme set to: light
2025-11-29 21:08:50 - ui.main_window - INFO - Language set to: es
2025-11-29 21:08:50 - ui.main_window - INFO - Using database directory: databases
2025-11-29 21:08:50 - utils.auto_backup - INFO - AutoBackupManager initialized: interval=10min, max_backups=1
2025-11-29 21:08:50 - utils.auto_backup - INFO - Auto backup started with 10min interval
2025-11-29 21:08:50 - ui.main_window - INFO - Auto backup started
2025-11-29 21:08:55 - utils.auto_backup - INFO - Auto backup stopped
2025-11-29 21:08:55 - utils.auto_backup - INFO - AutoBackupManager initialized: interval=10min, max_backups=1
2025-11-29 21:08:55 - utils.auto_backup - INFO - Auto backup started with 10min interval
2025-11-29 21:09:01 - utils.auto_backup - INFO - Auto backup stopped
2025-11-29 21:09:01 - utils.auto_backup - INFO - AutoBackupManager initialized: interval=10min, max_backups=1
2025-11-29 21:09:01 - utils.auto_backup - INFO - Auto backup started with 10min interval
2025-11-29 21:09:13 - utils.auto_backup - INFO - Auto backup stopped
2025-11-29 21:09:13 - ui.main_window - INFO - Auto backup stopped
